<?xml version="1.0" encoding="UTF-8"?>
<!-- Generated by org.testng.reporters.JUnitReportReporter -->
<testsuite skipped="0" hostname="Bhawna-PC" name="GithubDemo.Demoopenpage" tests="1" failures="0" timestamp="05 Jun 2020 23:25:41 GMT" time="8.210" errors="0">
  <testcase name="Pageopen" time="8.210" classname="GithubDemo.Demoopenpage"/>
</testsuite> <!-- GithubDemo.Demoopenpage -->
