<?xml version="1.0" encoding="UTF-8"?>
<!-- Generated by org.testng.reporters.JUnitReportReporter -->
<testsuite skipped="0" hostname="Bhawna-PC" name="com.qa.testNGScript.TestNGScriptDemo" tests="2" failures="0" timestamp="29 May 2020 21:10:21 GMT" time="20.591" errors="0">
  <testcase name="Login" time="9.763" classname="com.qa.testNGScript.TestNGScriptDemo"/>
  <testcase name="Registration" time="10.828" classname="com.qa.testNGScript.TestNGScriptDemo"/>
</testsuite> <!-- com.qa.testNGScript.TestNGScriptDemo -->
