<?xml version="1.0" encoding="UTF-8"?>
<!-- Generated by org.testng.reporters.JUnitReportReporter -->
<testsuite skipped="0" hostname="Bhawna-PC" name="com.qa.testNGScript.AnnotationTestNG" tests="2" failures="0" timestamp="28 May 2020 02:58:03 GMT" time="89.496" errors="0">
  <testcase name="signin" time="2.016" classname="com.qa.testNGScript.AnnotationTestNG"/>
  <testcase name="Resgister" time="87.480" classname="com.qa.testNGScript.AnnotationTestNG"/>
</testsuite> <!-- com.qa.testNGScript.AnnotationTestNG -->
