<?xml version="1.0" encoding="UTF-8"?>
<!-- Generated by org.testng.reporters.JUnitReportReporter -->
<testsuite skipped="0" hostname="Bhawna-PC" name="com.qa.testNGScript.TourLogin2" tests="1" failures="0" timestamp="02 Jun 2020 20:45:15 GMT" time="9.978" errors="0">
  <testcase name="signin" time="9.978" classname="com.qa.testNGScript.TourLogin2"/>
</testsuite> <!-- com.qa.testNGScript.TourLogin2 -->
