<?xml version="1.0" encoding="UTF-8"?>
<!-- Generated by org.testng.reporters.JUnitReportReporter -->
<testsuite skipped="0" hostname="Bhawna-PC" name="com.qa.testNGScript.TourLogin1" tests="1" failures="0" timestamp="02 Jun 2020 20:45:15 GMT" time="8.586" errors="0">
  <testcase name="signin" time="8.586" classname="com.qa.testNGScript.TourLogin1"/>
</testsuite> <!-- com.qa.testNGScript.TourLogin1 -->
