<?xml version="1.0" encoding="UTF-8"?>
<!-- Generated by org.testng.reporters.JUnitReportReporter -->
<testsuite skipped="0" hostname="Bhawna-PC" name="com.qa.testNGScript.TestAnnotation1" tests="1" failures="0" timestamp="29 May 2020 21:24:03 GMT" time="4.634" errors="0">
  <testcase name="signin" time="4.634" classname="com.qa.testNGScript.TestAnnotation1"/>
</testsuite> <!-- com.qa.testNGScript.TestAnnotation1 -->
