<?xml version="1.0" encoding="UTF-8"?>
<!-- Generated by org.testng.reporters.JUnitReportReporter -->
<testsuite skipped="0" hostname="Bhawna-PC" name="com.qa.testNGScript.DataDrivenPOI" tests="6" failures="0" timestamp="03 Jun 2020 22:52:38 GMT" time="6.338" errors="0">
  <testcase name="createAccount" time="1.286" classname="com.qa.testNGScript.DataDrivenPOI"/>
  <testcase name="createAccount" time="0.860" classname="com.qa.testNGScript.DataDrivenPOI"/>
  <testcase name="createAccount" time="1.334" classname="com.qa.testNGScript.DataDrivenPOI"/>
  <testcase name="createAccount" time="0.887" classname="com.qa.testNGScript.DataDrivenPOI"/>
  <testcase name="createAccount" time="0.896" classname="com.qa.testNGScript.DataDrivenPOI"/>
  <testcase name="createAccount" time="1.075" classname="com.qa.testNGScript.DataDrivenPOI"/>
</testsuite> <!-- com.qa.testNGScript.DataDrivenPOI -->
