<?xml version="1.0" encoding="UTF-8"?>
<!-- Generated by org.testng.reporters.JUnitReportReporter -->
<testsuite skipped="0" hostname="Bhawna-PC" name="com.qa.testNGScript.TestNGScriptDemo" tests="2" failures="0" timestamp="05 Jun 2020 23:49:55 GMT" time="22.938" errors="0">
  <testcase name="Login" time="10.905" classname="com.qa.testNGScript.TestNGScriptDemo"/>
  <testcase name="Registration" time="12.033" classname="com.qa.testNGScript.TestNGScriptDemo"/>
</testsuite> <!-- com.qa.testNGScript.TestNGScriptDemo -->
