<?xml version="1.0" encoding="UTF-8"?>
<!-- Generated by org.testng.reporters.JUnitReportReporter -->
<testsuite skipped="0" hostname="Bhawna-PC" name="com.qa.testNGScript.AnnotationTestNG" tests="2" failures="0" timestamp="05 Jun 2020 23:49:55 GMT" time="9.431" errors="0">
  <testcase name="signin" time="2.230" classname="com.qa.testNGScript.AnnotationTestNG"/>
  <testcase name="Resgister" time="7.201" classname="com.qa.testNGScript.AnnotationTestNG"/>
</testsuite> <!-- com.qa.testNGScript.AnnotationTestNG -->
